Determining if the pthread_create exist failed with the following output:
Change Dir: /home/turtlebot/xu_slam/build/CMakeFiles/CMakeTmp

Run Build Command:/usr/bin/make "cmTryCompileExec3665453627/fast"
/usr/bin/make -f CMakeFiles/cmTryCompileExec3665453627.dir/build.make CMakeFiles/cmTryCompileExec3665453627.dir/build
make[1]: Entering directory `/home/turtlebot/xu_slam/build/CMakeFiles/CMakeTmp'
/usr/bin/cmake -E cmake_progress_report /home/turtlebot/xu_slam/build/CMakeFiles/CMakeTmp/CMakeFiles 1
Building C object CMakeFiles/cmTryCompileExec3665453627.dir/CheckSymbolExists.c.o
/usr/bin/cc    -o CMakeFiles/cmTryCompileExec3665453627.dir/CheckSymbolExists.c.o   -c /home/turtlebot/xu_slam/build/CMakeFiles/CMakeTmp/CheckSymbolExists.c
Linking C executable cmTryCompileExec3665453627
/usr/bin/cmake -E cmake_link_script CMakeFiles/cmTryCompileExec3665453627.dir/link.txt --verbose=1
/usr/bin/cc       CMakeFiles/cmTryCompileExec3665453627.dir/CheckSymbolExists.c.o  -o cmTryCompileExec3665453627 -rdynamic 
CMakeFiles/cmTryCompileExec3665453627.dir/CheckSymbolExists.c.o: In function `main':
CheckSymbolExists.c:(.text+0x16): undefined reference to `pthread_create'
collect2: error: ld returned 1 exit status
make[1]: *** [cmTryCompileExec3665453627] Error 1
make[1]: Leaving directory `/home/turtlebot/xu_slam/build/CMakeFiles/CMakeTmp'
make: *** [cmTryCompileExec3665453627/fast] Error 2

File /home/turtlebot/xu_slam/build/CMakeFiles/CMakeTmp/CheckSymbolExists.c:
/* */
#include <pthread.h>

int main(int argc, char** argv)
{
  (void)argv;
#ifndef pthread_create
  return ((int*)(&pthread_create))[argc];
#else
  (void)argc;
  return 0;
#endif
}

Determining if the function pthread_create exists in the pthreads failed with the following output:
Change Dir: /home/turtlebot/xu_slam/build/CMakeFiles/CMakeTmp

Run Build Command:/usr/bin/make "cmTryCompileExec197877100/fast"
/usr/bin/make -f CMakeFiles/cmTryCompileExec197877100.dir/build.make CMakeFiles/cmTryCompileExec197877100.dir/build
make[1]: Entering directory `/home/turtlebot/xu_slam/build/CMakeFiles/CMakeTmp'
/usr/bin/cmake -E cmake_progress_report /home/turtlebot/xu_slam/build/CMakeFiles/CMakeTmp/CMakeFiles 1
Building C object CMakeFiles/cmTryCompileExec197877100.dir/CheckFunctionExists.c.o
/usr/bin/cc   -DCHECK_FUNCTION_EXISTS=pthread_create   -o CMakeFiles/cmTryCompileExec197877100.dir/CheckFunctionExists.c.o   -c /usr/share/cmake-2.8/Modules/CheckFunctionExists.c
Linking C executable cmTryCompileExec197877100
/usr/bin/cmake -E cmake_link_script CMakeFiles/cmTryCompileExec197877100.dir/link.txt --verbose=1
/usr/bin/cc   -DCHECK_FUNCTION_EXISTS=pthread_create    CMakeFiles/cmTryCompileExec197877100.dir/CheckFunctionExists.c.o  -o cmTryCompileExec197877100 -rdynamic -lpthreads 
/usr/bin/ld: cannot find -lpthreads
collect2: error: ld returned 1 exit status
make[1]: *** [cmTryCompileExec197877100] Error 1
make[1]: Leaving directory `/home/turtlebot/xu_slam/build/CMakeFiles/CMakeTmp'
make: *** [cmTryCompileExec197877100/fast] Error 2


