============================================================
Time  2016/01/20 14:35:39 878 
============================================================
[2016/01/20 14:35:39 878] isr        1544 isr loaded!  
[2016/01/20 14:35:39 878] isr        1636 SYS_MSG_REGCB param0 =   msp_status_cb  param1 =  func(aec2c650) 
[2016/01/20 14:35:39 878] isr        1562 ISR_MSG_SSB  
[2016/01/20 14:35:39 878] isr        1090 ISRSessionBegin() [in], params:   engine_type = local, 		asr_res_path = fo|res/asr/common.jet, sample_rate = 16000, 		grm_build_path = res/asr/GrmBuilld, local_grammar = command, 		result_type = xml, result_encoding = utf-8,   
[2016/01/20 14:35:39 879] isr        1101 key:  engine_type  ,value:  local  
[2016/01/20 14:35:39 879] isr        1101 key:  asr_res_path  ,value:  fo|res/asr/common.jet  
[2016/01/20 14:35:39 879] isr        1101 key:  sample_rate  ,value:  16000  
[2016/01/20 14:35:39 879] isr        1101 key:  grm_build_path  ,value:  res/asr/GrmBuilld  
[2016/01/20 14:35:39 879] isr        1101 key:  local_grammar  ,value:  command  
[2016/01/20 14:35:39 879] isr        1101 key:  result_type  ,value:  xml  
[2016/01/20 14:35:39 879] isr        1101 key:  result_encoding  ,value:  utf-8  
[2016/01/20 14:35:39 879] isr        1150 cloud params:  asr_res_path=fo|res/asr/common.jet,auf=audio/L16;rate=16000,grm_build_path=res/asr/GrmBuilld,rst=xml,rse=utf-8  
[2016/01/20 14:35:39 879] isr        1151 compatible params:  engine_type=local,asr_res_path=fo|res/asr/common.jet,sample_rate=16000,grm_build_path=res/asr/GrmBuilld,local_grammar=command,result_type=xml,result_encoding=utf-8  
[2016/01/20 14:35:39 879] isr        1157 use cloud_grammar in params!  nil  
[2016/01/20 14:35:39 879] isr        1167 engine_type_setting:  local  
[2016/01/20 14:35:39 879] isr        1050 judgeMixedTimeout mixed_timeout:  2000  
[2016/01/20 14:35:39 879] isr        1000 paramVADAnalysis [in]  
[2016/01/20 14:35:39 879] isr        986  vadOnAue| aue:   nil  
[2016/01/20 14:35:39 879] isr        1020 vad_enable :  true  
[2016/01/20 14:35:39 879] isr        1035 vad_timeout :  10000  
[2016/01/20 14:35:39 879] isr        1036 vad_speech_tail :  2000  
[2016/01/20 14:35:39 880] isr        845  EnableVAD [in]  
[2016/01/20 14:35:39 880] isr        869  vad enabled!  2000  10000  
[2016/01/20 14:35:39 880] isr        872  EnableVAD [out]  
[2016/01/20 14:35:39 880] isr        1043 paramVADAnalysis [out] | ret =  0  
[2016/01/20 14:35:39 880] isr        1235 cur_engine_type =   local  
[2016/01/20 14:35:39 885] isr        1570 ISR_MSG_AUW, engine_type =   local  
[2016/01/20 14:35:39 885] isr        1580 6400  1  
[2016/01/20 14:35:39 885] isr        1584 once_bytes:   6400  
[2016/01/20 14:35:39 891] isr        804  [aud] speech start  
[2016/01/20 14:35:40 034] isr        1570 ISR_MSG_AUW, engine_type =   local  
[2016/01/20 14:35:40 034] isr        1580 6400  2  
[2016/01/20 14:35:40 037] isr        1293 lua audiowrite:  6400  
[2016/01/20 14:35:40 037] isr        892  writelocalAudioFile  
[2016/01/20 14:35:40 185] isr        1570 ISR_MSG_AUW, engine_type =   local  
[2016/01/20 14:35:40 185] isr        1580 6400  2  
[2016/01/20 14:35:40 189] isr        1293 lua audiowrite:  6400  
[2016/01/20 14:35:40 189] isr        892  writelocalAudioFile  
[2016/01/20 14:35:40 335] isr        1570 ISR_MSG_AUW, engine_type =   local  
[2016/01/20 14:35:40 335] isr        1580 6400  2  
[2016/01/20 14:35:40 340] isr        1293 lua audiowrite:  6400  
[2016/01/20 14:35:40 340] isr        892  writelocalAudioFile  
[2016/01/20 14:35:40 486] isr        1570 ISR_MSG_AUW, engine_type =   local  
[2016/01/20 14:35:40 486] isr        1580 6400  2  
[2016/01/20 14:35:40 491] isr        1293 lua audiowrite:  6400  
[2016/01/20 14:35:40 491] isr        892  writelocalAudioFile  
[2016/01/20 14:35:40 637] isr        1570 ISR_MSG_AUW, engine_type =   local  
[2016/01/20 14:35:40 637] isr        1580 6400  2  
[2016/01/20 14:35:40 642] isr        1293 lua audiowrite:  6400  
[2016/01/20 14:35:40 642] isr        892  writelocalAudioFile  
[2016/01/20 14:35:40 787] isr        1570 ISR_MSG_AUW, engine_type =   local  
[2016/01/20 14:35:40 788] isr        1580 6400  2  
[2016/01/20 14:35:40 792] isr        1293 lua audiowrite:  6400  
[2016/01/20 14:35:40 793] isr        892  writelocalAudioFile  
[2016/01/20 14:35:40 938] isr        1570 ISR_MSG_AUW, engine_type =   local  
[2016/01/20 14:35:40 938] isr        1580 6400  2  
[2016/01/20 14:35:40 942] isr        1293 lua audiowrite:  6400  
[2016/01/20 14:35:40 942] isr        892  writelocalAudioFile  
[2016/01/20 14:35:41 089] isr        1570 ISR_MSG_AUW, engine_type =   local  
[2016/01/20 14:35:41 089] isr        1580 6400  2  
[2016/01/20 14:35:41 094] isr        1293 lua audiowrite:  6400  
[2016/01/20 14:35:41 094] isr        892  writelocalAudioFile  
[2016/01/20 14:35:41 239] isr        1570 ISR_MSG_AUW, engine_type =   local  
[2016/01/20 14:35:41 239] isr        1580 6400  2  
[2016/01/20 14:35:41 243] isr        1293 lua audiowrite:  6400  
[2016/01/20 14:35:41 243] isr        892  writelocalAudioFile  
[2016/01/20 14:35:41 390] isr        1570 ISR_MSG_AUW, engine_type =   local  
[2016/01/20 14:35:41 390] isr        1580 6400  2  
[2016/01/20 14:35:41 395] isr        1293 lua audiowrite:  6400  
[2016/01/20 14:35:41 395] isr        892  writelocalAudioFile  
[2016/01/20 14:35:41 540] isr        1570 ISR_MSG_AUW, engine_type =   local  
[2016/01/20 14:35:41 541] isr        1580 6400  2  
[2016/01/20 14:35:41 546] isr        1293 lua audiowrite:  6400  
[2016/01/20 14:35:41 546] isr        892  writelocalAudioFile  
[2016/01/20 14:35:41 691] isr        1570 ISR_MSG_AUW, engine_type =   local  
[2016/01/20 14:35:41 691] isr        1580 6400  2  
[2016/01/20 14:35:41 696] isr        1293 lua audiowrite:  6400  
[2016/01/20 14:35:41 696] isr        892  writelocalAudioFile  
[2016/01/20 14:35:41 842] isr        1570 ISR_MSG_AUW, engine_type =   local  
[2016/01/20 14:35:41 842] isr        1580 6400  2  
[2016/01/20 14:35:41 847] isr        1293 lua audiowrite:  6400  
[2016/01/20 14:35:41 847] isr        892  writelocalAudioFile  
[2016/01/20 14:35:41 883] isr        1085 ssb message processing timeout, send msg init to local from this  
[2016/01/20 14:35:41 884] isr        620  esrMessageCallBack  ,msg=  430  param1=  nil  
[2016/01/20 14:35:41 884] isr        657  ssb msg processed!  
[2016/01/20 14:35:41 962] isr        620  esrMessageCallBack  ,msg=  501  param1=  3  
[2016/01/20 14:35:41 962] isr        620  esrMessageCallBack  ,msg=  501  param1=  1  
[2016/01/20 14:35:41 971] isr        620  esrMessageCallBack  ,msg=  404  param1=  nil  
[2016/01/20 14:35:41 992] isr        1570 ISR_MSG_AUW, engine_type =   local  
[2016/01/20 14:35:41 992] isr        1580 6400  2  
[2016/01/20 14:35:41 994] isr        1293 lua audiowrite:  6400  
[2016/01/20 14:35:41 994] isr        892  writelocalAudioFile  
[2016/01/20 14:35:42 142] isr        1570 ISR_MSG_AUW, engine_type =   local  
[2016/01/20 14:35:42 142] isr        1580 6400  2  
[2016/01/20 14:35:42 144] isr        1293 lua audiowrite:  6400  
[2016/01/20 14:35:42 144] isr        892  writelocalAudioFile  
[2016/01/20 14:35:42 144] isr        1293 lua audiowrite:  3200  
[2016/01/20 14:35:42 144] isr        892  writelocalAudioFile  
[2016/01/20 14:35:42 144] isr        811  [aud] speech end  
[2016/01/20 14:35:42 145] isr        620  esrMessageCallBack  ,msg=  501  param1=  2  
[2016/01/20 14:35:42 145] isr        620  esrMessageCallBack  ,msg=  406  param1=  nil  
[2016/01/20 14:35:42 178] isr        620  esrMessageCallBack  ,msg=  nil  param1=  nil  
[2016/01/20 14:35:42 179] isr        620  esrMessageCallBack  ,msg=  407  param1=  udata(aec25ad4) 
[2016/01/20 14:35:42 179] isr        428  processResult call:  local  udata(aec25ad4) 43  2  
[2016/01/20 14:35:42 179] isr        433  result is :  <?xml version='1.0' encoding='utf-8' standalone='yes' ?><nlp>
  <version>1.1</version>
  <rawtext>去充电</rawtext>
  <confidence>43</confidence>
  <engine>local</engine>
  <result>
    <focus>go|充电</focus>
    <confidence>0|0</confidence>
    <object>
      <go id="33">去</go>
      <充电 id="36">充电</充电>
    </object>
  </result>
</nlp>
  2  
[2016/01/20 14:35:42 179] isr        620  esrMessageCallBack  ,msg=  408  param1=  nil  
[2016/01/20 14:35:42 179] isr        648  local session recognized end!  
[2016/01/20 14:35:42 293] isr        1570 ISR_MSG_AUW, engine_type =   local  
[2016/01/20 14:35:42 293] isr        1580 6400  2  
[2016/01/20 14:35:42 294] isr        1570 ISR_MSG_AUW, engine_type =   local  
[2016/01/20 14:35:42 294] isr        1580 0  4  
[2016/01/20 14:35:42 294] isr        1628 ISR_MSG_GRSLT, engine_type =   local  
[2016/01/20 14:35:42 294] isr        1364 0  udata(aec25ad4) 5  
[2016/01/20 14:35:42 445] isr        1632 ISR_MSG_SSE, engine_type =   local  
[2016/01/20 14:35:42 445] isr        1428 ISRSessionEnd() [in]  
[2016/01/20 14:35:42 445] isr        1443 endLocalSession() [in]  
[2016/01/20 14:35:42 445] isr        259  local_plog_process  
[2016/01/20 14:35:42 445] isr        211  collect_plog_data  
[2016/01/20 14:35:42 448] isr        1553 isr unload!  
[2016/01/20 14:35:42 448] isr        907  open audio file close  
